src/components/dashboard.tsx(182,9): error TS2322: Type 'import("C:/Users/mahes/Desktop/Actanos/oauth-testing/src/components/dashboard").Workspace | null' is not assignable to type 'import("C:/Users/mahes/Desktop/Actanos/oauth-testing/src/types/index").Workspace | null'.
  Property 'id' is missing in type 'import("C:/Users/mahes/Desktop/Actanos/oauth-testing/src/components/dashboard").Workspace' but required in type 'import("C:/Users/mahes/Desktop/Actanos/oauth-testing/src/types/index").Workspace'.
src/components/dashboard.tsx(183,9): error TS2322: Type 'Dispatch<SetStateAction<Workspace | null>>' is not assignable to type '(workspace: Workspace) => void'.
  Types of parameters 'value' and 'workspace' are incompatible.
    Type 'Workspace' is not assignable to type 'SetStateAction<Workspace | null>'.
      Type 'Workspace' is missing the following properties from type 'Workspace': application_theme, plan_type, is_owner, user_types
src/components/features/templates/AddRecipientsContent.tsx(1,10): error TS6133: 'useEffect' is declared but its value is never read.
src/components/features/templates/AddRecipientsContent.tsx(23,3): error TS2724: '"@/services/api"' has no exported member named 'createTemplateAPI'. Did you mean 'createTemplate'?
src/components/features/templates/AddRecipientsContent.tsx(24,3): error TS2724: '"@/services/api"' has no exported member named 'getContactTypesAPI'. Did you mean 'getContactTypes'?
src/components/features/templates/AddRecipientsContent.tsx(25,3): error TS2724: '"@/services/api"' has no exported member named 'updateTemplateAPI'. Did you mean 'updateTemplate'?
src/components/features/templates/AddRecipientsContent.tsx(86,7): error TS2322: Type '"sender"' is not assignable to type 'RecipientRole'.
src/components/features/templates/AddRecipientsContent.tsx(112,14): error TS18046: 'response' is of type 'unknown'.
src/components/features/templates/AddRecipientsContent.tsx(202,50): error TS2345: Argument of type '{ title: string; company_id: string; user_id: string; paths: any; files_state: string; document_names: any; is_template: boolean; }' is not assignable to parameter of type 'void'.
src/components/features/templates/AddRecipientsContent.tsx(248,9): error TS2322: Type '{}' is not assignable to type 'string'.
src/components/features/templates/AddRecipientsContent.tsx(732,31): error TS2367: This comparison appears to be unintentional because the types 'RecipientRole' and '"sender"' have no overlap.
src/components/features/templates/RecipientEditor.tsx(2,15): error TS2440: Import declaration conflicts with local declaration of 'Recipient'.
src/components/layout/AppSidebar.tsx(232,13): error TS2322: Type 'import("C:/Users/mahes/Desktop/Actanos/oauth-testing/src/types/index").Workspace[]' is not assignable to type 'import("C:/Users/mahes/Desktop/Actanos/oauth-testing/src/components/dashboard").Workspace[]'.
  Type 'Workspace' is missing the following properties from type 'Workspace': application_theme, plan_type, is_owner, user_types
src/components/layout/AppSidebar.tsx(233,13): error TS2322: Type 'import("C:/Users/mahes/Desktop/Actanos/oauth-testing/src/types/index").Workspace | null' is not assignable to type 'import("C:/Users/mahes/Desktop/Actanos/oauth-testing/src/components/dashboard").Workspace | null'.
  Type 'Workspace' is missing the following properties from type 'Workspace': application_theme, plan_type, is_owner, user_types
src/components/layout/AppSidebar.tsx(234,13): error TS2322: Type '(workspace: import("C:/Users/mahes/Desktop/Actanos/oauth-testing/src/types/index").Workspace) => void' is not assignable to type '(workspace: import("C:/Users/mahes/Desktop/Actanos/oauth-testing/src/components/dashboard").Workspace) => void'.
  Types of parameters 'workspace' and 'workspace' are incompatible.
    Property 'id' is missing in type 'import("C:/Users/mahes/Desktop/Actanos/oauth-testing/src/components/dashboard").Workspace' but required in type 'import("C:/Users/mahes/Desktop/Actanos/oauth-testing/src/types/index").Workspace'.
src/components/templates/templates.tsx(430,9): error TS2322: Type 'import("C:/Users/mahes/Desktop/Actanos/oauth-testing/src/components/templates/templates").Workspace | null' is not assignable to type 'import("C:/Users/mahes/Desktop/Actanos/oauth-testing/src/types/index").Workspace | null'.
  Property 'id' is missing in type 'import("C:/Users/mahes/Desktop/Actanos/oauth-testing/src/components/templates/templates").Workspace' but required in type 'import("C:/Users/mahes/Desktop/Actanos/oauth-testing/src/types/index").Workspace'.
src/components/templates/templates.tsx(431,9): error TS2322: Type 'Dispatch<SetStateAction<Workspace | null>>' is not assignable to type '(workspace: Workspace) => void'.
  Types of parameters 'value' and 'workspace' are incompatible.
    Type 'Workspace' is not assignable to type 'SetStateAction<Workspace | null>'.
      Type 'Workspace' is missing the following properties from type 'Workspace': application_theme, plan_type, is_owner, user_types
src/hooks/queries/useDocuments.ts(30,40): error TS2554: Expected 1 arguments, but got 3.
src/hooks/queries/useTemplates.ts(30,40): error TS2554: Expected 1 arguments, but got 3.
